<?xml version="1.0" encoding="UTF-8"?>
<!-- Generated by org.testng.reporters.JUnitXMLReporter -->
<testsuite ignored="1" hostname="DESKTOP-U6MROIF" failures="0" tests="1" name="Test" time="0.101" errors="0" timestamp="2024-07-24T08:46:55 GST">
  <testcase classname="baseClass.Base" name="@BeforeMethod initializeBrowser" time="0.015">
    <failure type="java.io.FileNotFoundException" message="C:\Users\HP\eclipse-workspace\7Rmart (Access is denied)">
      <![CDATA[java.io.FileNotFoundException: C:\Users\HP\eclipse-workspace\7Rmart (Access is denied)
at java.base/java.io.FileInputStream.open0(Native Method)
at java.base/java.io.FileInputStream.open(FileInputStream.java:216)
at java.base/java.io.FileInputStream.<init>(FileInputStream.java:157)
at java.base/java.io.FileInputStream.<init>(FileInputStream.java:111)
at baseClass.Base.initializeBrowser(Base.java:35)
at java.base/java.util.ArrayList.forEach(ArrayList.java:1511)
... Removed 31 stack frames]]>
    </failure>
  </testcase> <!-- @BeforeMethod initializeBrowser -->
  <testcase classname="testScript.LoginTest" name="verifyTheUserIsAbleToLoginUsingValidCredentials" time="0.0">
    <skipped/>
  </testcase> <!-- verifyTheUserIsAbleToLoginUsingValidCredentials -->
  <testcase classname="testScript.LoginTest" name="verifyUserLoginWithInvalidCredentials" time="0.0">
    <ignored/>
  </testcase> <!-- verifyUserLoginWithInvalidCredentials -->
</testsuite> <!-- Test -->
